Watching for file changes with StatReloader
Watching for file changes with StatReloader
Error: That port is already in use.
Watching for file changes with StatReloader
Error: That port is already in use.
[12/Apr/2023 20:52:02] "GET /posts/post_all/ HTTP/1.1" 200 511
[12/Apr/2023 20:52:04] "GET /posts/post_all/ HTTP/1.1" 200 511
[12/Apr/2023 20:52:05] "GET /posts/post_all/ HTTP/1.1" 200 511
[12/Apr/2023 20:52:06] "GET /posts/post_all/ HTTP/1.1" 200 511
[12/Apr/2023 20:52:07] "GET /posts/post_all/ HTTP/1.1" 200 511
[12/Apr/2023 20:52:14] "GET /posts/post_detail/1/ HTTP/1.1" 200 173
[12/Apr/2023 20:52:18] "GET /posts/post_detail/2/ HTTP/1.1" 200 195
Watching for file changes with StatReloader
Error: That port is already in use.
[12/Apr/2023 20:59:20] "GET /posts/post_all/ HTTP/1.1" 200 511
Not Found: /favicon.ico
[12/Apr/2023 20:59:20] "GET /favicon.ico HTTP/1.1" 404 2232
[12/Apr/2023 21:21:13] "GET /posts/post_all/ HTTP/1.1" 200 511
[12/Apr/2023 21:22:18] "POST /posts/new_post/ HTTP/1.1" 200 212
[12/Apr/2023 21:22:21] "GET /posts/post_all/ HTTP/1.1" 200 628
[12/Apr/2023 21:23:46] "GET /posts/post_all/ HTTP/1.1" 200 628
Not Found: /favicon.ico
[12/Apr/2023 21:23:46] "GET /favicon.ico HTTP/1.1" 404 2232
[12/Apr/2023 21:24:02] "GET /posts/post_all/ HTTP/1.1" 200 628
[12/Apr/2023 21:24:08] "GET /posts/post_all/ HTTP/1.1" 200 628
Not Found: /favicon.ico
[12/Apr/2023 21:24:08] "GET /favicon.ico HTTP/1.1" 404 2232
Not Found: /
[12/Apr/2023 21:25:59] "GET / HTTP/1.1" 404 2181
[12/Apr/2023 21:26:05] "GET /posts/post_all/ HTTP/1.1" 200 628
